<?xml version="1.0" encoding="UTF-8"?>
<!-- Generated by org.testng.reporters.JUnitReportReporter -->
<testsuite skipped="0" hostname="DESKTOP-0AA0O4F" name="com.get.project.MavenAppium.E_CommerceTC_04Test" tests="1" failures="0" timestamp="23 Nov 2020 08:58:44 GMT" time="101.006" errors="0">
  <testcase name="execution" time="101.006" classname="com.get.project.MavenAppium.E_CommerceTC_04Test"/>
</testsuite> <!-- com.get.project.MavenAppium.E_CommerceTC_04Test -->
